| time |reset|ARegister|DRegister|PC[]|RAM16K[0]|RAM16K[1]|RAM16K[2]|
| 0    |  0  |       0 |       0 |   0|       0 |       0 |       0 |
| 1    |  0  |      16 |       0 |   1|       0 |       0 |       0 |
| 2    |  0  |      16 |       0 |   2|       0 |       0 |       0 |
| 3    |  0  |      17 |       0 |   3|       0 |       0 |       0 |
| 4    |  0  |      17 |       0 |   4|       0 |       0 |       0 |
| 5    |  0  |      16 |       0 |   5|       0 |       0 |       0 |
| 6    |  0  |      16 |       1 |   6|       0 |       0 |       0 |
| 7    |  0  |      10 |       1 |   7|       0 |       0 |       0 |
| 8    |  0  |      10 |      -9 |   8|       0 |       0 |       0 |
| 9    |  0  |      18 |      -9 |   9|       0 |       0 |       0 |
| 10   |  0  |      18 |      -9 |  10|       0 |       0 |       0 |
| 11   |  0  |      16 |      -9 |  11|       0 |       0 |       0 |
| 12   |  0  |      16 |       1 |  12|       0 |       0 |       0 |
| 13   |  0  |      17 |       1 |  13|       0 |       0 |       0 |
| 14   |  0  |      17 |       1 |  14|       0 |       0 |       0 |
| 15   |  0  |      16 |       1 |  15|       0 |       0 |       0 |
| 16   |  0  |      16 |       1 |  16|       0 |       0 |       0 |
| 17   |  0  |       4 |       1 |  17|       0 |       0 |       0 |
| 18   |  0  |       4 |       1 |   4|       0 |       0 |       0 |
| 19   |  0  |      16 |       1 |   5|       0 |       0 |       0 |
| 20   |  0  |      16 |       2 |   6|       0 |       0 |       0 |
| 21   |  0  |      10 |       2 |   7|       0 |       0 |       0 |
| 22   |  0  |      10 |      -8 |   8|       0 |       0 |       0 |
| 23   |  0  |      18 |      -8 |   9|       0 |       0 |       0 |
| 24   |  0  |      18 |      -8 |  10|       0 |       0 |       0 |
| 25   |  0  |      16 |      -8 |  11|       0 |       0 |       0 |
| 26   |  0  |      16 |       2 |  12|       0 |       0 |       0 |
| 27   |  0  |      17 |       2 |  13|       0 |       0 |       0 |
| 28   |  0  |      17 |       2 |  14|       0 |       0 |       0 |
| 29   |  0  |      16 |       2 |  15|       0 |       0 |       0 |
| 30   |  0  |      16 |       2 |  16|       0 |       0 |       0 |
| 31   |  0  |       4 |       2 |  17|       0 |       0 |       0 |
| 32   |  0  |       4 |       2 |   4|       0 |       0 |       0 |
| 33   |  0  |      16 |       2 |   5|       0 |       0 |       0 |
| 34   |  0  |      16 |       3 |   6|       0 |       0 |       0 |
| 35   |  0  |      10 |       3 |   7|       0 |       0 |       0 |
| 36   |  0  |      10 |      -7 |   8|       0 |       0 |       0 |
| 37   |  0  |      18 |      -7 |   9|       0 |       0 |       0 |
| 38   |  0  |      18 |      -7 |  10|       0 |       0 |       0 |
| 39   |  0  |      16 |      -7 |  11|       0 |       0 |       0 |
| 40   |  0  |      16 |       3 |  12|       0 |       0 |       0 |
| 41   |  0  |      17 |       3 |  13|       0 |       0 |       0 |
| 42   |  0  |      17 |       3 |  14|       0 |       0 |       0 |
| 43   |  0  |      16 |       3 |  15|       0 |       0 |       0 |
| 44   |  0  |      16 |       3 |  16|       0 |       0 |       0 |
| 45   |  0  |       4 |       3 |  17|       0 |       0 |       0 |
| 46   |  0  |       4 |       3 |   4|       0 |       0 |       0 |
| 47   |  0  |      16 |       3 |   5|       0 |       0 |       0 |
| 48   |  0  |      16 |       4 |   6|       0 |       0 |       0 |
| 49   |  0  |      10 |       4 |   7|       0 |       0 |       0 |
| 50   |  0  |      10 |      -6 |   8|       0 |       0 |       0 |
| 51   |  0  |      18 |      -6 |   9|       0 |       0 |       0 |
| 52   |  0  |      18 |      -6 |  10|       0 |       0 |       0 |
| 53   |  0  |      16 |      -6 |  11|       0 |       0 |       0 |
| 54   |  0  |      16 |       4 |  12|       0 |       0 |       0 |
| 55   |  0  |      17 |       4 |  13|       0 |       0 |       0 |
| 56   |  0  |      17 |       4 |  14|       0 |       0 |       0 |
| 57   |  0  |      16 |       4 |  15|       0 |       0 |       0 |
| 58   |  0  |      16 |       4 |  16|       0 |       0 |       0 |
| 59   |  0  |       4 |       4 |  17|       0 |       0 |       0 |
| 60   |  0  |       4 |       4 |   4|       0 |       0 |       0 |
| 61   |  0  |      16 |       4 |   5|       0 |       0 |       0 |
| 62   |  0  |      16 |       5 |   6|       0 |       0 |       0 |
| 63   |  0  |      10 |       5 |   7|       0 |       0 |       0 |
| 64   |  0  |      10 |      -5 |   8|       0 |       0 |       0 |
| 65   |  0  |      18 |      -5 |   9|       0 |       0 |       0 |
| 66   |  0  |      18 |      -5 |  10|       0 |       0 |       0 |
| 67   |  0  |      16 |      -5 |  11|       0 |       0 |       0 |
| 68   |  0  |      16 |       5 |  12|       0 |       0 |       0 |
| 69   |  0  |      17 |       5 |  13|       0 |       0 |       0 |
| 70   |  0  |      17 |       5 |  14|       0 |       0 |       0 |
| 71   |  0  |      16 |       5 |  15|       0 |       0 |       0 |
| 72   |  0  |      16 |       5 |  16|       0 |       0 |       0 |
| 73   |  0  |       4 |       5 |  17|       0 |       0 |       0 |
| 74   |  0  |       4 |       5 |   4|       0 |       0 |       0 |
| 75   |  0  |      16 |       5 |   5|       0 |       0 |       0 |
| 76   |  0  |      16 |       6 |   6|       0 |       0 |       0 |
| 77   |  0  |      10 |       6 |   7|       0 |       0 |       0 |
| 78   |  0  |      10 |      -4 |   8|       0 |       0 |       0 |
| 79   |  0  |      18 |      -4 |   9|       0 |       0 |       0 |
| 80   |  0  |      18 |      -4 |  10|       0 |       0 |       0 |
| 81   |  0  |      16 |      -4 |  11|       0 |       0 |       0 |
| 82   |  0  |      16 |       6 |  12|       0 |       0 |       0 |
| 83   |  0  |      17 |       6 |  13|       0 |       0 |       0 |
| 84   |  0  |      17 |       6 |  14|       0 |       0 |       0 |
| 85   |  0  |      16 |       6 |  15|       0 |       0 |       0 |
| 86   |  0  |      16 |       6 |  16|       0 |       0 |       0 |
| 87   |  0  |       4 |       6 |  17|       0 |       0 |       0 |
| 88   |  0  |       4 |       6 |   4|       0 |       0 |       0 |
| 89   |  0  |      16 |       6 |   5|       0 |       0 |       0 |
| 90   |  0  |      16 |       7 |   6|       0 |       0 |       0 |
| 91   |  0  |      10 |       7 |   7|       0 |       0 |       0 |
| 92   |  0  |      10 |      -3 |   8|       0 |       0 |       0 |
| 93   |  0  |      18 |      -3 |   9|       0 |       0 |       0 |
| 94   |  0  |      18 |      -3 |  10|       0 |       0 |       0 |
| 95   |  0  |      16 |      -3 |  11|       0 |       0 |       0 |
| 96   |  0  |      16 |       7 |  12|       0 |       0 |       0 |
| 97   |  0  |      17 |       7 |  13|       0 |       0 |       0 |
| 98   |  0  |      17 |       7 |  14|       0 |       0 |       0 |
| 99   |  0  |      16 |       7 |  15|       0 |       0 |       0 |
| 100  |  0  |      16 |       7 |  16|       0 |       0 |       0 |
| 101  |  0  |       4 |       7 |  17|       0 |       0 |       0 |
| 102  |  0  |       4 |       7 |   4|       0 |       0 |       0 |
| 103  |  0  |      16 |       7 |   5|       0 |       0 |       0 |
| 104  |  0  |      16 |       8 |   6|       0 |       0 |       0 |
| 105  |  0  |      10 |       8 |   7|       0 |       0 |       0 |
| 106  |  0  |      10 |      -2 |   8|       0 |       0 |       0 |
| 107  |  0  |      18 |      -2 |   9|       0 |       0 |       0 |
| 108  |  0  |      18 |      -2 |  10|       0 |       0 |       0 |
| 109  |  0  |      16 |      -2 |  11|       0 |       0 |       0 |
| 110  |  0  |      16 |       8 |  12|       0 |       0 |       0 |
| 111  |  0  |      17 |       8 |  13|       0 |       0 |       0 |
| 112  |  0  |      17 |       8 |  14|       0 |       0 |       0 |
| 113  |  0  |      16 |       8 |  15|       0 |       0 |       0 |
| 114  |  0  |      16 |       8 |  16|       0 |       0 |       0 |
| 115  |  0  |       4 |       8 |  17|       0 |       0 |       0 |
| 116  |  0  |       4 |       8 |   4|       0 |       0 |       0 |
| 117  |  0  |      16 |       8 |   5|       0 |       0 |       0 |
| 118  |  0  |      16 |       9 |   6|       0 |       0 |       0 |
| 119  |  0  |      10 |       9 |   7|       0 |       0 |       0 |
| 120  |  0  |      10 |      -1 |   8|       0 |       0 |       0 |
| 121  |  0  |      18 |      -1 |   9|       0 |       0 |       0 |
| 122  |  0  |      18 |      -1 |  10|       0 |       0 |       0 |
| 123  |  0  |      16 |      -1 |  11|       0 |       0 |       0 |
| 124  |  0  |      16 |       9 |  12|       0 |       0 |       0 |
| 125  |  0  |      17 |       9 |  13|       0 |       0 |       0 |
| 126  |  0  |      17 |       9 |  14|       0 |       0 |       0 |
| 127  |  0  |      16 |       9 |  15|       0 |       0 |       0 |
| 128  |  0  |      16 |       9 |  16|       0 |       0 |       0 |
| 129  |  0  |       4 |       9 |  17|       0 |       0 |       0 |
| 130  |  0  |       4 |       9 |   4|       0 |       0 |       0 |
| 131  |  0  |      16 |       9 |   5|       0 |       0 |       0 |
| 132  |  0  |      16 |      10 |   6|       0 |       0 |       0 |
| 133  |  0  |      10 |      10 |   7|       0 |       0 |       0 |
| 134  |  0  |      10 |       0 |   8|       0 |       0 |       0 |
| 135  |  0  |      18 |       0 |   9|       0 |       0 |       0 |
| 136  |  0  |      18 |       0 |  10|       0 |       0 |       0 |
| 137  |  0  |      16 |       0 |  11|       0 |       0 |       0 |
| 138  |  0  |      16 |      10 |  12|       0 |       0 |       0 |
| 139  |  0  |      17 |      10 |  13|       0 |       0 |       0 |
| 140  |  0  |      17 |      10 |  14|       0 |       0 |       0 |
| 141  |  0  |      16 |      10 |  15|       0 |       0 |       0 |
| 142  |  0  |      16 |      10 |  16|       0 |       0 |       0 |
| 143  |  0  |       4 |      10 |  17|       0 |       0 |       0 |
| 144  |  0  |       4 |      10 |   4|       0 |       0 |       0 |
| 145  |  0  |      16 |      10 |   5|       0 |       0 |       0 |
| 146  |  0  |      16 |      11 |   6|       0 |       0 |       0 |
| 147  |  0  |      10 |      11 |   7|       0 |       0 |       0 |
| 148  |  0  |      10 |       1 |   8|       0 |       0 |       0 |
| 149  |  0  |      18 |       1 |   9|       0 |       0 |       0 |
| 150  |  0  |      18 |       1 |  18|       0 |       0 |       0 |
| 151  |  0  |      18 |       1 |  19|       0 |       0 |       0 |
| 152  |  0  |      18 |       1 |  18|       0 |       0 |       0 |
| 153  |  0  |      18 |       1 |  19|       0 |       0 |       0 |
| 154  |  0  |      18 |       1 |  18|       0 |       0 |       0 |
| 155  |  0  |      18 |       1 |  19|       0 |       0 |       0 |
| 156  |  0  |      18 |       1 |  18|       0 |       0 |       0 |
| 157  |  0  |      18 |       1 |  19|       0 |       0 |       0 |
| 158  |  0  |      18 |       1 |  18|       0 |       0 |       0 |
| 159  |  0  |      18 |       1 |  19|       0 |       0 |       0 |
| 160  |  0  |      18 |       1 |  18|       0 |       0 |       0 |
| 161  |  0  |      18 |       1 |  19|       0 |       0 |       0 |
| 162  |  0  |      18 |       1 |  18|       0 |       0 |       0 |
| 163  |  0  |      18 |       1 |  19|       0 |       0 |       0 |
| 164  |  0  |      18 |       1 |  18|       0 |       0 |       0 |
| 165  |  0  |      18 |       1 |  19|       0 |       0 |       0 |
| 166  |  0  |      18 |       1 |  18|       0 |       0 |       0 |
| 167  |  0  |      18 |       1 |  19|       0 |       0 |       0 |
| 168  |  0  |      18 |       1 |  18|       0 |       0 |       0 |
| 169  |  0  |      18 |       1 |  19|       0 |       0 |       0 |
| 170  |  0  |      18 |       1 |  18|       0 |       0 |       0 |
| 171  |  0  |      18 |       1 |  19|       0 |       0 |       0 |
| 172  |  0  |      18 |       1 |  18|       0 |       0 |       0 |
| 173  |  0  |      18 |       1 |  19|       0 |       0 |       0 |
| 174  |  0  |      18 |       1 |  18|       0 |       0 |       0 |
| 175  |  0  |      18 |       1 |  19|       0 |       0 |       0 |
| 176  |  0  |      18 |       1 |  18|       0 |       0 |       0 |
| 177  |  0  |      18 |       1 |  19|       0 |       0 |       0 |
| 178  |  0  |      18 |       1 |  18|       0 |       0 |       0 |
| 179  |  0  |      18 |       1 |  19|       0 |       0 |       0 |
| 180  |  0  |      18 |       1 |  18|       0 |       0 |       0 |
| 181  |  0  |      18 |       1 |  19|       0 |       0 |       0 |
| 182  |  0  |      18 |       1 |  18|       0 |       0 |       0 |
| 183  |  0  |      18 |       1 |  19|       0 |       0 |       0 |
| 184  |  0  |      18 |       1 |  18|       0 |       0 |       0 |
| 185  |  0  |      18 |       1 |  19|       0 |       0 |       0 |
| 186  |  0  |      18 |       1 |  18|       0 |       0 |       0 |
| 187  |  0  |      18 |       1 |  19|       0 |       0 |       0 |
| 188  |  0  |      18 |       1 |  18|       0 |       0 |       0 |
| 189  |  0  |      18 |       1 |  19|       0 |       0 |       0 |
| 190  |  0  |      18 |       1 |  18|       0 |       0 |       0 |
| 191  |  0  |      18 |       1 |  19|       0 |       0 |       0 |
| 192  |  0  |      18 |       1 |  18|       0 |       0 |       0 |
| 193  |  0  |      18 |       1 |  19|       0 |       0 |       0 |
| 194  |  0  |      18 |       1 |  18|       0 |       0 |       0 |
| 195  |  0  |      18 |       1 |  19|       0 |       0 |       0 |
| 196  |  0  |      18 |       1 |  18|       0 |       0 |       0 |
| 197  |  0  |      18 |       1 |  19|       0 |       0 |       0 |
| 198  |  0  |      18 |       1 |  18|       0 |       0 |       0 |
| 199  |  0  |      18 |       1 |  19|       0 |       0 |       0 |
| 200  |  0  |      18 |       1 |  18|       0 |       0 |       0 |
